app/build/intermediates/manifest_merge_blame_file/civDebug/manifest-merger-blame-civ-debug-report.txt
1<?xml version="1.0" encoding="utf-8"?>
2<manifest xmlns:android="http://schemas.android.com/apk/res/android"
3    package="com.atakmap.android.OTN.plugin"
4    android:versionCode="1"
5    android:versionName="1.0 (1) - [4.4.0]" >
6
7    <uses-sdk android:minSdkVersion="21" />
7-->src/main/AndroidManifest.xml
8
9    <uses-permission android:name="android.permission.READ_EXTERNAL_STORAGE" />
9-->src/main/AndroidManifest.xml:5:5-80
9-->src/main/AndroidManifest.xml:5:22-77
10    <uses-permission android:name="android.permission.WRITE_EXTERNAL_STORAGE" />
10-->src/main/AndroidManifest.xml:6:5-81
10-->src/main/AndroidManifest.xml:6:22-78
11
12    <application
12-->src/main/AndroidManifest.xml:8:5-20:19
13        android:allowBackup="false"
13-->src/main/AndroidManifest.xml:9:9-36
14        android:debuggable="true"
15        android:description="@string/app_desc"
15-->src/main/AndroidManifest.xml:12:9-47
16        android:extractNativeLibs="true"
16-->src/main/AndroidManifest.xml:13:9-41
17        android:icon="@drawable/ic_launcher"
17-->src/main/AndroidManifest.xml:10:9-45
18        android:label="@string/app_name"
18-->src/main/AndroidManifest.xml:11:9-41
19        android:testOnly="true"
20        android:theme="@style/AppTheme" >
20-->src/main/AndroidManifest.xml:14:9-40
21        <meta-data
22            android:name="plugin-api"
22-->src/main/AndroidManifest.xml:15:20-45
23            android:value="com.atakmap.app@4.4.0.CIV" />
23-->src/main/AndroidManifest.xml:15:46-79
24        <meta-data
24-->src/main/AndroidManifest.xml:16:9-78
25            android:name="app_desc"
25-->src/main/AndroidManifest.xml:16:20-43
26            android:value="@string/app_desc" />
26-->src/main/AndroidManifest.xml:16:44-76
27    </application>
28
29</manifest>